<?xml version="1.0" encoding="UTF-8"?>
<!-- Generated by org.testng.reporters.JUnitReportReporter -->
<testsuite skipped="0" hostname="DESKTOP-0P7RLK5" name="qaclickacademy.SeleniumTest" tests="2" failures="0" timestamp="28 Aug 2020 08:45:34 GMT" time="0.028" errors="0">
  <testcase name="elementsUi" time="0.003" classname="qaclickacademy.SeleniumTest"/>
  <testcase name="BrowserAUtomation" time="0.025" classname="qaclickacademy.SeleniumTest"/>
</testsuite> <!-- qaclickacademy.SeleniumTest -->
