<?xml version="1.0" encoding="UTF-8"?>
<!-- Generated by org.testng.reporters.JUnitReportReporter -->
<testsuite skipped="0" hostname="DESKTOP-0P7RLK5" name="qaclickacademy.RESTAPITest" tests="2" failures="0" timestamp="28 Aug 2020 08:46:04 GMT" time="0.017" errors="0">
  <testcase name="postJira" time="0.004" classname="qaclickacademy.RESTAPITest"/>
  <testcase name="deleteTwitter" time="0.013" classname="qaclickacademy.RESTAPITest"/>
</testsuite> <!-- qaclickacademy.RESTAPITest -->
