<?xml version="1.0" encoding="UTF-8"?>
<!-- Generated by org.testng.reporters.JUnitReportReporter -->
<testsuite skipped="0" hostname="DESKTOP-0P7RLK5" name="qaclickacademy.AppiumTest" tests="2" failures="0" timestamp="28 Aug 2020 08:45:51 GMT" time="0.022" errors="0">
  <testcase name="NativeAPpAndroid" time="0.003" classname="qaclickacademy.AppiumTest"/>
  <testcase name="IOSApps" time="0.019" classname="qaclickacademy.AppiumTest"/>
</testsuite> <!-- qaclickacademy.AppiumTest -->
