<?xml version="1.0" encoding="UTF-8"?>
<!-- Generated by org.testng.reporters.JUnitReportReporter -->
<testsuite skipped="0" hostname="DESKTOP-0P7RLK5" name="com.jenkins.Stringsort" tests="1" failures="0" timestamp="28 Aug 2020 09:40:51 GMT" time="0.023" errors="0">
  <testcase name="String" time="0.023" classname="com.jenkins.Stringsort"/>
</testsuite> <!-- com.jenkins.Stringsort -->
