<?xml version="1.0" encoding="UTF-8"?>
<!-- Generated by org.testng.reporters.JUnitReportReporter -->
<testsuite skipped="0" hostname="DESKTOP-0P7RLK5" name="qaclickacademy.AppiumTest" tests="3" failures="0" timestamp="28 Aug 2020 14:04:15 GMT" time="0.013" errors="0">
  <testcase name="pal" time="0.005" classname="qaclickacademy.AppiumTest"/>
  <testcase name="NativeAPpAndroid" time="0.001" classname="qaclickacademy.AppiumTest"/>
  <testcase name="IOSApps" time="0.007" classname="qaclickacademy.AppiumTest"/>
</testsuite> <!-- qaclickacademy.AppiumTest -->
